<?xml version="1.0" encoding="UTF-8"?>
<!-- Generated by org.testng.reporters.JUnitReportReporter -->
<testsuite skipped="0" hostname="sravani-ThinkPad-L480" name="selenium.Challenge2_5" tests="2" failures="0" timestamp="2019-11-07T15:53:06 IST" time="14.093" errors="0">
  <testcase name="bannerSlider" time="11.086" classname="selenium.Challenge2_5"/>
  <testcase name="allStores" time="3.007" classname="selenium.Challenge2_5"/>
</testsuite> <!-- selenium.Challenge2_5 -->
