<?xml version="1.0" encoding="UTF-8"?>
<!-- Generated by org.testng.reporters.JUnitReportReporter -->
<testsuite skipped="0" hostname="sravani-ThinkPad-L480" name="selenium.Challenge2_6" tests="1" failures="0" timestamp="2019-11-08T17:08:52 IST" time="7.026" errors="0">
  <testcase name="liveMarket" time="7.026" classname="selenium.Challenge2_6"/>
</testsuite> <!-- selenium.Challenge2_6 -->
